#
# There is insufficient memory for the Java Runtime Environment to continue.
# Native memory allocation (mmap) failed to map 132120576 bytes for Failed to commit area from 0x0000000082600000 to 0x000000008a400000 of length 132120576.
# Possible reasons:
#   The system is out of physical RAM or swap space
#   The process is running with CompressedOops enabled, and the Java Heap may be blocking the growth of the native heap
# Possible solutions:
#   Reduce memory load on the system
#   Increase physical memory or swap space
#   Check if swap backing store is full
#   Decrease Java heap size (-Xmx/-Xms)
#   Decrease number of Java threads
#   Decrease Java thread stack sizes (-Xss)
#   Set larger code cache with -XX:ReservedCodeCacheSize=
# This output file may be truncated or incomplete.
#
#  Out of Memory Error (./src/hotspot/os/windows/os_windows.cpp:3303), pid=70020, tid=54396
#
# JRE version:  (11.0.8+10) (build )
# Java VM: OpenJDK 64-Bit Server VM (11.0.8+10-b944.31, mixed mode, sharing, tiered, compressed oops, g1 gc, windows-amd64)
# No core dump will be written. Minidumps are not enabled by default on client versions of Windows
#

---------------  S U M M A R Y ------------

Command Line: org.jetbrains.git4idea.http.GitAskPassApp Username for 'https://github.com': 

Host: Intel(R) Core(TM) i5-9300H CPU @ 2.40GHz, 8 cores, 7G,  Windows 10 , 64 bit Build 18362 (10.0.18362.1350)
Time: Mon Mar 22 19:55:38 2021 Hora oficial do Brasil elapsed time: 0 seconds (0d 0h 0m 0s)

---------------  T H R E A D  ---------------

Current thread (0x000002727858c000):  JavaThread "Unknown thread" [_thread_in_vm, id=54396, stack(0x000000f168500000,0x000000f168600000)]

Stack: [0x000000f168500000,0x000000f168600000]
Native frames: (J=compiled Java code, j=interpreted, Vv=VM code, C=native code)
V  [jvm.dll+0x5de35a]
V  [jvm.dll+0x712355]
V  [jvm.dll+0x7138ad]
V  [jvm.dll+0x713f63]
V  [jvm.dll+0x23e628]
V  [jvm.dll+0x5db804]
V  [jvm.dll+0x5d0925]
V  [jvm.dll+0x2faf9b]
V  [jvm.dll+0x2faf0a]
V  [jvm.dll+0x2fade2]
V  [jvm.dll+0x2ffcb6]
V  [jvm.dll+0x3483a3]
V  [jvm.dll+0x348aa6]
V  [jvm.dll+0x3484a3]
V  [jvm.dll+0x2d5be8]
V  [jvm.dll+0x2d6d87]
V  [jvm.dll+0x6f10e7]
V  [jvm.dll+0x6f28dc]
V  [jvm.dll+0x3558f9]
V  [jvm.dll+0x6d492e]
V  [jvm.dll+0x3bdad3]
V  [jvm.dll+0x3bfd01]
C  [jli.dll+0x5373]
C  [ucrtbase.dll+0x210b2]
C  [KERNEL32.DLL+0x17c24]
C  [ntdll.dll+0x6d721]


---------------  P R O C E S S  ---------------

Threads class SMR info:
_java_thread_list=0x00000272784b70b0, length=0, elements={
}

Java Threads: ( => current thread )

Other Threads:
  0x000002727a775800 GCTaskThread "GC Thread#0" [stack: 0x000000f168600000,0x000000f168700000] [id=70928]
  0x000002727a7a8000 ConcurrentGCThread "G1 Main Marker" [stack: 0x000000f168700000,0x000000f168800000] [id=69564]
  0x000002727a7a9800 ConcurrentGCThread "G1 Conc#0" [stack: 0x000000f168800000,0x000000f168900000] [id=71496]

[error occurred during error reporting (printing all threads), id 0xc0000005, EXCEPTION_ACCESS_VIOLATION (0xc0000005) at pc=0x00007ff9a18660c7]

VM state:not at safepoint (not fully initialized)

VM Mutex/Monitor currently owned by a thread:  ([mutex/lock_event])
[0x000002727a75f970] Heap_lock - owner thread: 0x000002727858c000

Heap address: 0x0000000082600000, size: 2010 MB, Compressed Oops mode: Non-zero based: 0x0000000082600000
Narrow klass base: 0x0000000000000000, Narrow klass shift: 0

GC Heap History (0 events):
No events

Deoptimization events (0 events):
No events

Classes redefined (0 events):
No events

Internal exceptions (0 events):
No events

Events (1 events):
Event: 0.033 Loaded shared library D:\Dev\Intellij\IntelliJ IDEA Educational Edition 2020.2.2\jbr\bin\zip.dll


Dynamic libraries:
0x00007ff67c3e0000 - 0x00007ff67c3ea000 	D:\Dev\Intellij\IntelliJ IDEA Educational Edition 2020.2.2\jbr\bin\java.exe
0x00007ffa0b5a0000 - 0x00007ffa0b790000 	C:\Windows\SYSTEM32\ntdll.dll
0x00007ffa0ae20000 - 0x00007ffa0aed2000 	C:\Windows\System32\KERNEL32.DLL
0x00007ffa08f60000 - 0x00007ffa09205000 	C:\Windows\System32\KERNELBASE.dll
0x00007ffa093f0000 - 0x00007ffa094ea000 	C:\Windows\System32\ucrtbase.dll
0x00007ff9c3ad0000 - 0x00007ff9c3ae9000 	D:\Dev\Intellij\IntelliJ IDEA Educational Edition 2020.2.2\jbr\bin\jli.dll
0x00007ffa01f30000 - 0x00007ffa01f47000 	D:\Dev\Intellij\IntelliJ IDEA Educational Edition 2020.2.2\jbr\bin\VCRUNTIME140.dll
0x00007ffa09650000 - 0x00007ffa097e4000 	C:\Windows\System32\USER32.dll
0x00007ffa09210000 - 0x00007ffa09231000 	C:\Windows\System32\win32u.dll
0x00007ffa0b530000 - 0x00007ffa0b556000 	C:\Windows\System32\GDI32.dll
0x00007ff9f5b20000 - 0x00007ff9f5da4000 	C:\Windows\WinSxS\amd64_microsoft.windows.common-controls_6595b64144ccf1df_6.0.18362.1440_none_9e7dbfb9e45e8e67\COMCTL32.dll
0x00007ffa08da0000 - 0x00007ffa08f38000 	C:\Windows\System32\gdi32full.dll
0x00007ffa0a3f0000 - 0x00007ffa0a48e000 	C:\Windows\System32\msvcrt.dll
0x00007ffa095b0000 - 0x00007ffa0964e000 	C:\Windows\System32\msvcp_win.dll
0x00007ffa0a8f0000 - 0x00007ffa0ac26000 	C:\Windows\System32\combase.dll
0x00007ffa0ac30000 - 0x00007ffa0ad4f000 	C:\Windows\System32\RPCRT4.dll
0x00007ffa09520000 - 0x00007ffa095a1000 	C:\Windows\System32\bcryptPrimitives.dll
0x00007ffa0a720000 - 0x00007ffa0a74e000 	C:\Windows\System32\IMM32.DLL
0x00007ff9ac780000 - 0x00007ff9ac81d000 	D:\Dev\Intellij\IntelliJ IDEA Educational Edition 2020.2.2\jbr\bin\msvcp140.dll
0x00007ff9a1580000 - 0x00007ff9a203d000 	D:\Dev\Intellij\IntelliJ IDEA Educational Edition 2020.2.2\jbr\bin\server\jvm.dll
0x00007ffa0a830000 - 0x00007ffa0a8d3000 	C:\Windows\System32\ADVAPI32.dll
0x00007ffa0aee0000 - 0x00007ffa0af77000 	C:\Windows\System32\sechost.dll
0x00007ffa0a500000 - 0x00007ffa0a508000 	C:\Windows\System32\PSAPI.DLL
0x00007ffa00250000 - 0x00007ffa00274000 	C:\Windows\SYSTEM32\WINMM.dll
0x00007ff9f0e70000 - 0x00007ff9f0e79000 	C:\Windows\SYSTEM32\WSOCK32.dll
0x00007ffa00040000 - 0x00007ffa0004a000 	C:\Windows\SYSTEM32\VERSION.dll
0x00007ffa00220000 - 0x00007ffa0024d000 	C:\Windows\SYSTEM32\WINMMBASE.dll
0x00007ffa093a0000 - 0x00007ffa093ea000 	C:\Windows\System32\cfgmgr32.dll
0x00007ffa0adb0000 - 0x00007ffa0ae1f000 	C:\Windows\System32\ws2_32.DLL
0x00007ffa084b0000 - 0x00007ffa084c1000 	C:\Windows\System32\kernel.appcore.dll
0x00007ff9e35c0000 - 0x00007ff9e35d1000 	D:\Dev\Intellij\IntelliJ IDEA Educational Edition 2020.2.2\jbr\bin\verify.dll
0x00007ffa06b90000 - 0x00007ffa06d84000 	C:\Windows\SYSTEM32\DBGHELP.DLL
0x00007ff9e66b0000 - 0x00007ff9e66da000 	C:\Windows\SYSTEM32\dbgcore.DLL
0x00007ff9c3a80000 - 0x00007ff9c3aa9000 	D:\Dev\Intellij\IntelliJ IDEA Educational Edition 2020.2.2\jbr\bin\java.dll
0x00007ff9fdd40000 - 0x00007ff9fdd4b000 	D:\Dev\Intellij\IntelliJ IDEA Educational Edition 2020.2.2\jbr\bin\jimage.dll
0x00007ff9df0e0000 - 0x00007ff9df0f8000 	D:\Dev\Intellij\IntelliJ IDEA Educational Edition 2020.2.2\jbr\bin\zip.dll

dbghelp: loaded successfully - version: 4.0.5 - missing functions: none
symbol engine: initialized successfully - sym options: 0x614 - pdb path: .;D:\Dev\Intellij\IntelliJ IDEA Educational Edition 2020.2.2\jbr\bin;C:\Windows\SYSTEM32;C:\Windows\WinSxS\amd64_microsoft.windows.common-controls_6595b64144ccf1df_6.0.18362.1440_none_9e7dbfb9e45e8e67;D:\Dev\Intellij\IntelliJ IDEA Educational Edition 2020.2.2\jbr\bin\server

VM Arguments:
java_command: org.jetbrains.git4idea.http.GitAskPassApp Username for 'https://github.com': 
java_class_path (initial): D:/Dev/Intellij/IntelliJ IDEA Educational Edition 2020.2.2/plugins/git4idea/lib/git4idea-rt.jar;D:/Dev/Intellij/IntelliJ IDEA Educational Edition 2020.2.2/lib/xmlrpc-2.0.1.jar;D:/Dev/Intellij/IntelliJ IDEA Educational Edition 2020.2.2/lib/commons-codec-1.14.jar
Launcher Type: SUN_STANDARD

[Global flags]
     intx CICompilerCount                          = 4                                         {product} {ergonomic}
     uint ConcGCThreads                            = 2                                         {product} {ergonomic}
     uint G1ConcRefinementThreads                  = 8                                         {product} {ergonomic}
   size_t G1HeapRegionSize                         = 1048576                                   {product} {ergonomic}
    uintx GCDrainStackTargetSize                   = 64                                        {product} {ergonomic}
   size_t InitialHeapSize                          = 132120576                                 {product} {ergonomic}
   size_t MarkStackSize                            = 4194304                                   {product} {ergonomic}
   size_t MaxHeapSize                              = 2107637760                                {product} {ergonomic}
   size_t MinHeapDeltaBytes                        = 1048576                                   {product} {ergonomic}
    uintx NonNMethodCodeHeapSize                   = 5836300                                {pd product} {ergonomic}
    uintx NonProfiledCodeHeapSize                  = 122910970                              {pd product} {ergonomic}
    uintx ProfiledCodeHeapSize                     = 122910970                              {pd product} {ergonomic}
    uintx ReservedCodeCacheSize                    = 251658240                              {pd product} {ergonomic}
     bool SegmentedCodeCache                       = true                                      {product} {ergonomic}
     bool UseCompressedClassPointers               = true                                 {lp64_product} {ergonomic}
     bool UseCompressedOops                        = true                                 {lp64_product} {ergonomic}
     bool UseG1GC                                  = true                                      {product} {ergonomic}
     bool UseLargePagesIndividualAllocation        = false                                  {pd product} {ergonomic}

Logging:
Log output configuration:
 #0: stdout all=warning uptime,level,tags
 #1: stderr all=off uptime,level,tags

Environment Variables:
JAVA_HOME=D:\Dev\Java\jdk-15.0.1\jdk1.8.0_211
CLASSPATH=.;
PATH=C:\Program Files\Git\mingw64\libexec\git-core;C:\Program Files\Git\mingw64\bin;C:\Program Files\Git\usr\bin;C:\Users\vbclo\bin;C:\Program Files\Common Files\Oracle\Java\javapath;C:\ProgramData\Oracle\Java\javapath;C:\Windows\system32;C:\Windows;C:\Windows\System32\Wbem;C:\Windows\System32\WindowsPowerShell\v1.0;C:\Windows\System32\OpenSSH;C:\Program Files (x86)\NVIDIA Corporation\PhysX\Common;C:\Program Files\NVIDIA Corporation\NVIDIA NvDLISR;C:\ProgramData\chocolatey\bin;C:\Program Files (x86)\Yarn\bin;C:\Program Files\Java\jdk1.8.0_211\bin;C:\Android\Sdk\emulator;C:\Android\Sdk\tools;C:\Android\Sdk\tools\bin;C:\Android\Sdk\platform-tools;C:\Program Files\Git\cmd;C;MinGW\bin;D:\Dev\NodeJS;C:\Program Files\Docker\Docker\resources\bin;C:\ProgramData\DockerDesktop\version-bin;%M2_HOME%\bin;C:\Users\vbclo\AppData\Local\Microsoft\WindowsApps;D:\Visual Studio Code\Microsoft VS Code\bin;C:\Users\vbclo\AppData\Local\Yarn\bin;C:\Users\vbclo\AppData\Roaming\npm
USERNAME=vbclo
DISPLAY=:0.0
LC_ALL=en_US.UTF-8
OS=Windows_NT
PROCESSOR_IDENTIFIER=Intel64 Family 6 Model 158 Stepping 10, GenuineIntel



---------------  S Y S T E M  ---------------

OS: Windows 10 , 64 bit Build 18362 (10.0.18362.1350)
OS uptime: 4 days 10:52 hours
HyperV virtualization detected

CPU:total 8 (initial active 8) (4 cores per cpu, 2 threads per core) family 6 model 158 stepping 10, cmov, cx8, fxsr, mmx, sse, sse2, sse3, ssse3, sse4.1, sse4.2, popcnt, avx, avx2, aes, clmul, erms, 3dnowpref, lzcnt, ht, tsc, tscinvbit, bmi1, bmi2, adx, fma

Memory: 4k page, system-wide physical 8036M (427M free)
TotalPageFile size 21002M (AvailPageFile size 28M)
current process WorkingSet (physical memory assigned to process): 10M, peak: 10M
current process commit charge ("private bytes"): 60M, peak: 186M

vm_info: OpenJDK 64-Bit Server VM (11.0.8+10-b944.31) for windows-amd64 JRE (11.0.8+10-b944.31), built on Aug  6 2020 12:27:04 by "" with MS VC++ 14.0 (VS2015)

END.
